{"D:\\Documents\\liuwei\\vue-template\\src\\utils\\sum.ts": {"path":"D:\\Documents\\liuwei\\vue-template\\src\\utils\\sum.ts","all":false,"statementMap":{"0":{"start":{"line":1,"column":0},"end":{"line":1,"column":50}}},"s":{"0":1},"branchMap":{"0":{"type":"branch","line":1,"loc":{"start":{"line":1,"column":19},"end":{"line":1,"column":50}},"locations":[{"start":{"line":1,"column":19},"end":{"line":1,"column":50}}]}},"b":{"0":[1]},"fnMap":{"0":{"name":"sum","decl":{"start":{"line":1,"column":19},"end":{"line":1,"column":50}},"loc":{"start":{"line":1,"column":19},"end":{"line":1,"column":50}},"line":1}},"f":{"0":1}}
}
